Using pre-set license
Built from '2022.3/staging' branch; Version is '2022.3.14f1 (eff2de9070d8) revision 15725278'; Using compiler version '192829333'; Build Type 'Release'
OS: 'Windows 11  (10.0.22631) 64bit CoreSingleLanguage' Language: 'en' Physical Memory: 14188 MB
BatchMode: 1, IsHumanControllingUs: 0, StartBugReporterOnCrash: 0, Is64bit: 1, IsPro: 1

COMMAND LINE ARGUMENTS:
C:\Program Files\Unity\Hub\Editor\2022.3.14f1\Editor\Unity.exe
-adb2
-batchMode
-noUpm
-name
AssetImportWorker0
-projectPath
E:/Lenevo-Ideapad-Gaming/Techs/game-development/games-in-unity/game-4-GTA-local
-logFile
Logs/AssetImportWorker0.log
-srvPort
51576
Successfully changed project path to: E:/Lenevo-Ideapad-Gaming/Techs/game-development/games-in-unity/game-4-GTA-local
E:/Lenevo-Ideapad-Gaming/Techs/game-development/games-in-unity/game-4-GTA-local
[UnityMemory] Configuration Parameters - Can be set up in boot.config
    "memorysetup-bucket-allocator-granularity=16"
    "memorysetup-bucket-allocator-bucket-count=8"
    "memorysetup-bucket-allocator-block-size=33554432"
    "memorysetup-bucket-allocator-block-count=8"
    "memorysetup-main-allocator-block-size=16777216"
    "memorysetup-thread-allocator-block-size=16777216"
    "memorysetup-gfx-main-allocator-block-size=16777216"
    "memorysetup-gfx-thread-allocator-block-size=16777216"
    "memorysetup-cache-allocator-block-size=4194304"
    "memorysetup-typetree-allocator-block-size=2097152"
    "memorysetup-profiler-bucket-allocator-granularity=16"
    "memorysetup-profiler-bucket-allocator-bucket-count=8"
    "memorysetup-profiler-bucket-allocator-block-size=33554432"
    "memorysetup-profiler-bucket-allocator-block-count=8"
    "memorysetup-profiler-allocator-block-size=16777216"
    "memorysetup-profiler-editor-allocator-block-size=1048576"
    "memorysetup-temp-allocator-size-main=16777216"
    "memorysetup-job-temp-allocator-block-size=2097152"
    "memorysetup-job-temp-allocator-block-size-background=1048576"
    "memorysetup-job-temp-allocator-reduction-small-platforms=262144"
    "memorysetup-allocator-temp-initial-block-size-main=262144"
    "memorysetup-allocator-temp-initial-block-size-worker=262144"
    "memorysetup-temp-allocator-size-background-worker=32768"
    "memorysetup-temp-allocator-size-job-worker=262144"
    "memorysetup-temp-allocator-size-preload-manager=33554432"
    "memorysetup-temp-allocator-size-nav-mesh-worker=65536"
    "memorysetup-temp-allocator-size-audio-worker=65536"
    "memorysetup-temp-allocator-size-cloud-worker=32768"
    "memorysetup-temp-allocator-size-gi-baking-worker=262144"
    "memorysetup-temp-allocator-size-gfx=262144"
Player connection [16724] Host "[IP] 192.168.186.154 [Port] 0 [Flags] 2 [Guid] 985627596 [EditorId] 985627596 [Version] 1048832 [Id] WindowsEditor(7,Maniacal-Danger) [Debug] 1 [PackageName] WindowsEditor [ProjectName] Editor" joined multi-casting on [225.0.0.222:54997]...

Player connection [16724] Host "[IP] 192.168.186.154 [Port] 0 [Flags] 2 [Guid] 985627596 [EditorId] 985627596 [Version] 1048832 [Id] WindowsEditor(7,Maniacal-Danger) [Debug] 1 [PackageName] WindowsEditor [ProjectName] Editor" joined alternative multi-casting on [225.0.0.222:34997]...

[Physics::Module] Initialized MultithreadedJobDispatcher with 15 workers.
Refreshing native plugins compatible for Editor in 8.75 ms, found 3 plugins.
Preloading 0 native plugins for Editor in 0.00 ms.
Initialize engine version: 2022.3.14f1 (eff2de9070d8)
[Subsystems] Discovering subsystems at path C:/Program Files/Unity/Hub/Editor/2022.3.14f1/Editor/Data/Resources/UnitySubsystems
[Subsystems] Discovering subsystems at path E:/Lenevo-Ideapad-Gaming/Techs/game-development/games-in-unity/game-4-GTA-local/Assets
GfxDevice: creating device client; threaded=0; jobified=0
Direct3D:
    Version:  Direct3D 11.0 [level 11.1]
    Renderer: NVIDIA GeForce RTX 3050 Laptop GPU (ID=0x25a5)
    Vendor:   NVIDIA
    VRAM:     3979 MB
    Driver:   31.0.15.3197
Initialize mono
Mono path[0] = 'C:/Program Files/Unity/Hub/Editor/2022.3.14f1/Editor/Data/Managed'
Mono path[1] = 'C:/Program Files/Unity/Hub/Editor/2022.3.14f1/Editor/Data/MonoBleedingEdge/lib/mono/unityjit-win32'
Mono config path = 'C:/Program Files/Unity/Hub/Editor/2022.3.14f1/Editor/Data/MonoBleedingEdge/etc'
Using monoOptions --debugger-agent=transport=dt_socket,embedding=1,server=y,suspend=n,address=127.0.0.1:56728
Begin MonoManager ReloadAssembly
Registering precompiled unity dll's ...
Register platform support module: C:/Program Files/Unity/Hub/Editor/2022.3.14f1/Editor/Data/PlaybackEngines/WebGLSupport/UnityEditor.WebGL.Extensions.dll
Register platform support module: C:/Program Files/Unity/Hub/Editor/2022.3.14f1/Editor/Data/PlaybackEngines/WindowsStandaloneSupport/UnityEditor.WindowsStandalone.Extensions.dll
Registered in 0.009731 seconds.
- Loaded All Assemblies, in  0.372 seconds
Native extension for WindowsStandalone target not found
Native extension for WebGL target not found
Mono: successfully reloaded assembly
- Finished resetting the current domain, in  0.255 seconds
Domain Reload Profiling: 626ms
	BeginReloadAssembly (124ms)
		ExecutionOrderSort (0ms)
		DisableScriptedObjects (0ms)
		BackupInstance (0ms)
		ReleaseScriptingObjects (0ms)
		CreateAndSetChildDomain (1ms)
	RebuildCommonClasses (31ms)
	RebuildNativeTypeToScriptingClass (9ms)
	initialDomainReloadingComplete (64ms)
	LoadAllAssembliesAndSetupDomain (143ms)
		LoadAssemblies (121ms)
		RebuildTransferFunctionScriptingTraits (0ms)
		AnalyzeDomain (141ms)
			TypeCache.Refresh (139ms)
				TypeCache.ScanAssembly (125ms)
			ScanForSourceGeneratedMonoScriptInfo (0ms)
			ResolveRequiredComponents (0ms)
	FinalizeReload (256ms)
		ReleaseScriptCaches (0ms)
		RebuildScriptCaches (0ms)
		SetupLoadedEditorAssemblies (196ms)
			LogAssemblyErrors (0ms)
			InitializePlatformSupportModulesInManaged (11ms)
			SetLoadedEditorAssemblies (6ms)
			RefreshPlugins (0ms)
			BeforeProcessingInitializeOnLoad (2ms)
			ProcessInitializeOnLoadAttributes (128ms)
			ProcessInitializeOnLoadMethodAttributes (49ms)
			AfterProcessingInitializeOnLoad (0ms)
			EditorAssembliesLoaded (0ms)
		ExecutionOrderSort2 (0ms)
		AwakeInstancesAfterBackupRestoration (0ms)
========================================================================
Worker process is ready to serve import requests
Begin MonoManager ReloadAssembly
- Loaded All Assemblies, in  0.703 seconds
Refreshing native plugins compatible for Editor in 1.94 ms, found 3 plugins.
Native extension for WindowsStandalone target not found
Native extension for WebGL target not found
Package Manager log level set to [2]
[Package Manager] Server::EnsureServerProcessIsRunning -- launch failed, reason: Unity was launched with the -noUpm command-line argument
[Package Manager] UpmClient::Send -- Unable to send message (not connected to UPM process).
[Package Manager] Cannot connect to Unity Package Manager local server
Mono: successfully reloaded assembly
- Finished resetting the current domain, in  0.717 seconds
Domain Reload Profiling: 1418ms
	BeginReloadAssembly (170ms)
		ExecutionOrderSort (0ms)
		DisableScriptedObjects (5ms)
		BackupInstance (0ms)
		ReleaseScriptingObjects (0ms)
		CreateAndSetChildDomain (24ms)
	RebuildCommonClasses (37ms)
	RebuildNativeTypeToScriptingClass (10ms)
	initialDomainReloadingComplete (59ms)
	LoadAllAssembliesAndSetupDomain (424ms)
		LoadAssemblies (355ms)
		RebuildTransferFunctionScriptingTraits (0ms)
		AnalyzeDomain (177ms)
			TypeCache.Refresh (155ms)
				TypeCache.ScanAssembly (138ms)
			ScanForSourceGeneratedMonoScriptInfo (16ms)
			ResolveRequiredComponents (5ms)
	FinalizeReload (717ms)
		ReleaseScriptCaches (0ms)
		RebuildScriptCaches (0ms)
		SetupLoadedEditorAssemblies (567ms)
			LogAssemblyErrors (0ms)
			InitializePlatformSupportModulesInManaged (7ms)
			SetLoadedEditorAssemblies (5ms)
			RefreshPlugins (0ms)
			BeforeProcessingInitializeOnLoad (63ms)
			ProcessInitializeOnLoadAttributes (466ms)
			ProcessInitializeOnLoadMethodAttributes (19ms)
			AfterProcessingInitializeOnLoad (7ms)
			EditorAssembliesLoaded (0ms)
		ExecutionOrderSort2 (0ms)
		AwakeInstancesAfterBackupRestoration (9ms)
Launched and connected shader compiler UnityShaderCompiler.exe after 0.05 seconds
Refreshing native plugins compatible for Editor in 3.11 ms, found 3 plugins.
Preloading 0 native plugins for Editor in 0.00 ms.
Unloading 3082 Unused Serialized files (Serialized files now loaded: 0)
Unloading 32 unused Assets / (56.8 KB). Loaded Objects now: 3543.
Memory consumption went from 122.1 MB to 122.1 MB.
Total: 4.425300 ms (FindLiveObjects: 0.269800 ms CreateObjectMapping: 0.250100 ms MarkObjects: 3.770700 ms  DeleteObjects: 0.133000 ms)

AssetImportParameters requested are different than current active one (requested -> active):
  custom:container-demuxer-ogg: 62fdf1f143b41e24485cea50d1cbac27 -> 
  custom:video-codec-MediaFoundation-h265: 746d11721c4dcdbdad8f713fa42b33f4 -> 
  custom:video-decoder-ogg-theora: a1e56fd34408186e4bbccfd4996cb3dc -> 
  custom:framework-win-MediaFoundation: 216162199b28c13a410421893ffa2e32 -> 
  custom:CustomObjectIndexerAttribute: 756ad292c208cfabdd7b50bc23989ffe -> 
  custom:container-demuxer-webm: 4f35f7cbe854078d1ac9338744f61a02 -> 
  custom:container-muxer-webm: aa71ff27fc2769a1b78a27578f13a17b -> 
  custom:video-decoder-webm-vp8: 9c59270c3fd7afecdb556c50c9e8de78 -> 
  custom:SearchIndexIgnoredProperties: e643bd26f0fe6173181afceb89e7c659 -> 
  custom:AudioImporter_EditorPlatform: d09bf68614088b80899f8185d706f6e7 -> 
  custom:video-encoder-webm-vp8: eb34c28f22e8b96e1ab97ce403110664 -> 
  custom:audio-decoder-ogg-vorbis: bf7c407c2cedff20999df2af8eb42d56 -> 
  custom:audio-encoder-webm-vorbis: bf7c407c2cedff20999df2af8eb42d56 -> 
========================================================================
Received Import Request.
  Time since last request: 2458.799840 seconds.
  path: Assets/Textures
  artifactKey: Guid(15acfab00682f7147bc1a3d13ff6a738) Importer(815301076,1909f56bfc062723c751e8b465ee728b)
Start importing Assets/Textures using Guid(15acfab00682f7147bc1a3d13ff6a738) Importer(815301076,1909f56bfc062723c751e8b465ee728b)  -> (artifact id: 'ef3b2fdaaa6ae6e0bcff794d0f6d7c63') in 0.003295 seconds
Number of updated asset objects reloaded before import = 0
Number of asset objects unloaded after import = 0
========================================================================
Received Import Request.
  Time since last request: 28.510724 seconds.
  path: Assets/Textures/Asphalt001.jpg
  artifactKey: Guid(003624a0b95ff3341a907323dae2a064) Importer(815301076,1909f56bfc062723c751e8b465ee728b)
Start importing Assets/Textures/Asphalt001.jpg using Guid(003624a0b95ff3341a907323dae2a064) Importer(815301076,1909f56bfc062723c751e8b465ee728b)  -> (artifact id: 'a2ffba5964ccd95d3aac1611b2d61abe') in 0.052278 seconds
Number of updated asset objects reloaded before import = 0
Number of asset objects unloaded after import = 2
========================================================================
Received Import Request.
  Time since last request: 1.025931 seconds.
  path: Assets/Textures/Sidewalk001.jpg
  artifactKey: Guid(97a413965c2e889498ae8a3704b2bdda) Importer(815301076,1909f56bfc062723c751e8b465ee728b)
Start importing Assets/Textures/Sidewalk001.jpg using Guid(97a413965c2e889498ae8a3704b2bdda) Importer(815301076,1909f56bfc062723c751e8b465ee728b)  -> (artifact id: 'bda7a81b0f8d754a5d1f2952b34757d3') in 0.020567 seconds
Number of updated asset objects reloaded before import = 0
Number of asset objects unloaded after import = 2
========================================================================
Received Import Request.
  Time since last request: 323.794530 seconds.
  path: Assets/Scenes
  artifactKey: Guid(2647f49919d244d42bbdab1365c64073) Importer(815301076,1909f56bfc062723c751e8b465ee728b)
Start importing Assets/Scenes using Guid(2647f49919d244d42bbdab1365c64073) Importer(815301076,1909f56bfc062723c751e8b465ee728b)  -> (artifact id: '34d32fbcd2b50afabf092e2f5aee1e07') in 0.000606 seconds
Number of updated asset objects reloaded before import = 0
Number of asset objects unloaded after import = 0
========================================================================
Received Import Request.
  Time since last request: 6.649036 seconds.
  path: Assets/Textures/Asphalt001 1.jpg
  artifactKey: Guid(9c8547988c81a2b459375f50b03bd77b) Importer(815301076,1909f56bfc062723c751e8b465ee728b)
Start importing Assets/Textures/Asphalt001 1.jpg using Guid(9c8547988c81a2b459375f50b03bd77b) Importer(815301076,1909f56bfc062723c751e8b465ee728b)  -> (artifact id: '76250ff4f9c19a9bcecd892222ddf304') in 0.023410 seconds
Number of updated asset objects reloaded before import = 0
Number of asset objects unloaded after import = 2
========================================================================
Received Import Request.
  Time since last request: 35.429884 seconds.
  path: Assets/Textures/Asphalt001_n.jpg
  artifactKey: Guid(9c8547988c81a2b459375f50b03bd77b) Importer(815301076,1909f56bfc062723c751e8b465ee728b)
Start importing Assets/Textures/Asphalt001_n.jpg using Guid(9c8547988c81a2b459375f50b03bd77b) Importer(815301076,1909f56bfc062723c751e8b465ee728b)  -> (artifact id: 'dff536afac9086473642b17c89702c3c') in 0.018569 seconds
Number of updated asset objects reloaded before import = 0
Number of asset objects unloaded after import = 2
========================================================================
Received Import Request.
  Time since last request: 20.937605 seconds.
  path: Assets/Textures/Asphalt001_n.jpg
  artifactKey: Guid(9c8547988c81a2b459375f50b03bd77b) Importer(815301076,1909f56bfc062723c751e8b465ee728b)
Start importing Assets/Textures/Asphalt001_n.jpg using Guid(9c8547988c81a2b459375f50b03bd77b) Importer(815301076,1909f56bfc062723c751e8b465ee728b)  -> (artifact id: 'a1e7bc69b228896b763e2decd26b470c') in 0.043797 seconds
Number of updated asset objects reloaded before import = 0
Number of asset objects unloaded after import = 2
========================================================================
Received Import Request.
  Time since last request: 73.359357 seconds.
  path: Assets/Textures/Asphalt001_n.jpg
  artifactKey: Guid(9c8547988c81a2b459375f50b03bd77b) Importer(815301076,1909f56bfc062723c751e8b465ee728b)
Start importing Assets/Textures/Asphalt001_n.jpg using Guid(9c8547988c81a2b459375f50b03bd77b) Importer(815301076,1909f56bfc062723c751e8b465ee728b)  -> (artifact id: 'fbb3b4883846f9afe149e7a3244bde01') in 0.017556 seconds
Number of updated asset objects reloaded before import = 0
Number of asset objects unloaded after import = 2
========================================================================
Received Import Request.
  Time since last request: 178.404004 seconds.
  path: Assets/Materials/SideWalk001
  artifactKey: Guid(5efb130ad5473ac4fb1a55b4b18a5858) Importer(815301076,1909f56bfc062723c751e8b465ee728b)
Start importing Assets/Materials/SideWalk001 using Guid(5efb130ad5473ac4fb1a55b4b18a5858) Importer(815301076,1909f56bfc062723c751e8b465ee728b)  -> (artifact id: 'c708fb9fbc5c4bb5eb5248fd1bfb6356') in 0.000685 seconds
Number of updated asset objects reloaded before import = 0
Number of asset objects unloaded after import = 0
========================================================================
Received Import Request.
  Time since last request: 23.940732 seconds.
  path: Assets/Materials
  artifactKey: Guid(c278208123f14544ba9b3d4edb83d9d9) Importer(815301076,1909f56bfc062723c751e8b465ee728b)
Start importing Assets/Materials using Guid(c278208123f14544ba9b3d4edb83d9d9) Importer(815301076,1909f56bfc062723c751e8b465ee728b)  -> (artifact id: '2729dec7fcbe7f629e42233d4328cd7c') in 0.000637 seconds
Number of updated asset objects reloaded before import = 0
Number of asset objects unloaded after import = 0
========================================================================
Received Import Request.
  Time since last request: 56.561761 seconds.
  path: Assets/Textures/Sidewalk001 1.jpg
  artifactKey: Guid(6013c5c083a7213408b76f3199300ff4) Importer(815301076,1909f56bfc062723c751e8b465ee728b)
Start importing Assets/Textures/Sidewalk001 1.jpg using Guid(6013c5c083a7213408b76f3199300ff4) Importer(815301076,1909f56bfc062723c751e8b465ee728b)  -> (artifact id: '9484b725dfdb0fbdc9e231e48fcd0cdb') in 0.017450 seconds
Number of updated asset objects reloaded before import = 0
Number of asset objects unloaded after import = 2
========================================================================
Received Import Request.
  Time since last request: 5.107035 seconds.
  path: Assets/Textures/Sidewalk001_n.jpg
  artifactKey: Guid(6013c5c083a7213408b76f3199300ff4) Importer(815301076,1909f56bfc062723c751e8b465ee728b)
Start importing Assets/Textures/Sidewalk001_n.jpg using Guid(6013c5c083a7213408b76f3199300ff4) Importer(815301076,1909f56bfc062723c751e8b465ee728b)  -> (artifact id: '8234be4f6954420792c86e873bebb322') in 0.016610 seconds
Number of updated asset objects reloaded before import = 0
Number of asset objects unloaded after import = 2
========================================================================
Received Import Request.
  Time since last request: 39.577971 seconds.
  path: Assets/Textures/Sidewalk001_n.jpg
  artifactKey: Guid(6013c5c083a7213408b76f3199300ff4) Importer(815301076,1909f56bfc062723c751e8b465ee728b)
Start importing Assets/Textures/Sidewalk001_n.jpg using Guid(6013c5c083a7213408b76f3199300ff4) Importer(815301076,1909f56bfc062723c751e8b465ee728b)  -> (artifact id: '1930f3a71ee7a5d34a97b3a2cb0c9c10') in 0.025088 seconds
Number of updated asset objects reloaded before import = 0
Number of asset objects unloaded after import = 2
========================================================================
Received Import Request.
  Time since last request: 143.271725 seconds.
  path: Assets/Materials/Asphalt001.mat
  artifactKey: Guid(db12665067f540c4d9cbfe9c9278c2a9) Importer(2089858483,0ecaa5967403d082aa24f35e1b516d23)
Start importing Assets/Materials/Asphalt001.mat using Guid(db12665067f540c4d9cbfe9c9278c2a9) Importer(2089858483,0ecaa5967403d082aa24f35e1b516d23) Generated GUIDs only implemented for interfaces!
 -> (artifact id: 'a3f54ebf776fac08f664807163c19c18') in 0.157151 seconds
Number of updated asset objects reloaded before import = 0
Number of asset objects unloaded after import = 3
========================================================================
Received Import Request.
  Time since last request: 0.000025 seconds.
  path: Assets/Scenes/SampleScene.unity
  artifactKey: Guid(9fc0d4010bbf28b4594072e72b8655ab) Importer(2089858483,0ecaa5967403d082aa24f35e1b516d23)
Start importing Assets/Scenes/SampleScene.unity using Guid(9fc0d4010bbf28b4594072e72b8655ab) Importer(2089858483,0ecaa5967403d082aa24f35e1b516d23) Generated GUIDs only implemented for interfaces!
 -> (artifact id: 'd9188c961987bad589d50baf240e1d25') in 0.012400 seconds
Number of updated asset objects reloaded before import = 0
Number of asset objects unloaded after import = 1
========================================================================
Received Import Request.
  Time since last request: 0.000041 seconds.
  path: Assets/Textures/Asphalt001.jpg
  artifactKey: Guid(003624a0b95ff3341a907323dae2a064) Importer(2089858483,0ecaa5967403d082aa24f35e1b516d23)
Start importing Assets/Textures/Asphalt001.jpg using Guid(003624a0b95ff3341a907323dae2a064) Importer(2089858483,0ecaa5967403d082aa24f35e1b516d23) Generated GUIDs only implemented for interfaces!
 -> (artifact id: '3acee951ffe05f89177a978899bbaa64') in 0.050756 seconds
Number of updated asset objects reloaded before import = 0
Number of asset objects unloaded after import = 1
========================================================================
Received Import Request.
  Time since last request: 0.000049 seconds.
  path: Assets/Textures/Asphalt001_n.jpg
  artifactKey: Guid(9c8547988c81a2b459375f50b03bd77b) Importer(2089858483,0ecaa5967403d082aa24f35e1b516d23)
Start importing Assets/Textures/Asphalt001_n.jpg using Guid(9c8547988c81a2b459375f50b03bd77b) Importer(2089858483,0ecaa5967403d082aa24f35e1b516d23) Generated GUIDs only implemented for interfaces!
 -> (artifact id: '6fd13c821575a9f3f4aea2a926724607') in 0.035074 seconds
Number of updated asset objects reloaded before import = 0
Number of asset objects unloaded after import = 1
Editor requested this worker to shutdown with reason: Scaling down because of idle timeout
TcpMessagingSession - receive error: operation aborted. errorcode: 995, details: The I/O operation has been aborted because of either a thread exit or an application request.
AssetImportWorker is now disconnected from the server
Process exiting
Exiting without the bug reporter. Application will terminate with return code 0