Using pre-set license
Built from '2022.3/staging' branch; Version is '2022.3.14f1 (eff2de9070d8) revision 15725278'; Using compiler version '192829333'; Build Type 'Release'
OS: 'Windows 11  (10.0.22631) 64bit CoreSingleLanguage' Language: 'en' Physical Memory: 14188 MB
BatchMode: 1, IsHumanControllingUs: 0, StartBugReporterOnCrash: 0, Is64bit: 1, IsPro: 1

COMMAND LINE ARGUMENTS:
C:\Program Files\Unity\Hub\Editor\2022.3.14f1\Editor\Unity.exe
-adb2
-batchMode
-noUpm
-name
AssetImportWorker2
-projectPath
E:/Lenevo-Ideapad-Gaming/Techs/game-development/games-in-unity/game-2-sheep-climb
-logFile
Logs/AssetImportWorker2.log
-srvPort
52378
Successfully changed project path to: E:/Lenevo-Ideapad-Gaming/Techs/game-development/games-in-unity/game-2-sheep-climb
E:/Lenevo-Ideapad-Gaming/Techs/game-development/games-in-unity/game-2-sheep-climb
[UnityMemory] Configuration Parameters - Can be set up in boot.config
    "memorysetup-bucket-allocator-granularity=16"
    "memorysetup-bucket-allocator-bucket-count=8"
    "memorysetup-bucket-allocator-block-size=33554432"
    "memorysetup-bucket-allocator-block-count=8"
    "memorysetup-main-allocator-block-size=16777216"
    "memorysetup-thread-allocator-block-size=16777216"
    "memorysetup-gfx-main-allocator-block-size=16777216"
    "memorysetup-gfx-thread-allocator-block-size=16777216"
    "memorysetup-cache-allocator-block-size=4194304"
    "memorysetup-typetree-allocator-block-size=2097152"
    "memorysetup-profiler-bucket-allocator-granularity=16"
    "memorysetup-profiler-bucket-allocator-bucket-count=8"
    "memorysetup-profiler-bucket-allocator-block-size=33554432"
    "memorysetup-profiler-bucket-allocator-block-count=8"
    "memorysetup-profiler-allocator-block-size=16777216"
    "memorysetup-profiler-editor-allocator-block-size=1048576"
    "memorysetup-temp-allocator-size-main=16777216"
    "memorysetup-job-temp-allocator-block-size=2097152"
    "memorysetup-job-temp-allocator-block-size-background=1048576"
    "memorysetup-job-temp-allocator-reduction-small-platforms=262144"
    "memorysetup-allocator-temp-initial-block-size-main=262144"
    "memorysetup-allocator-temp-initial-block-size-worker=262144"
    "memorysetup-temp-allocator-size-background-worker=32768"
    "memorysetup-temp-allocator-size-job-worker=262144"
    "memorysetup-temp-allocator-size-preload-manager=33554432"
    "memorysetup-temp-allocator-size-nav-mesh-worker=65536"
    "memorysetup-temp-allocator-size-audio-worker=65536"
    "memorysetup-temp-allocator-size-cloud-worker=32768"
    "memorysetup-temp-allocator-size-gi-baking-worker=262144"
    "memorysetup-temp-allocator-size-gfx=262144"
Player connection [28464] Host "[IP] 192.168.205.154 [Port] 0 [Flags] 2 [Guid] 3626453977 [EditorId] 3626453977 [Version] 1048832 [Id] WindowsEditor(7,Maniacal-Danger) [Debug] 1 [PackageName] WindowsEditor [ProjectName] Editor" joined multi-casting on [225.0.0.222:54997]...

Player connection [28464] Host "[IP] 192.168.205.154 [Port] 0 [Flags] 2 [Guid] 3626453977 [EditorId] 3626453977 [Version] 1048832 [Id] WindowsEditor(7,Maniacal-Danger) [Debug] 1 [PackageName] WindowsEditor [ProjectName] Editor" joined alternative multi-casting on [225.0.0.222:34997]...

[Physics::Module] Initialized MultithreadedJobDispatcher with 15 workers.
Refreshing native plugins compatible for Editor in 10.25 ms, found 3 plugins.
Preloading 0 native plugins for Editor in 0.00 ms.
Initialize engine version: 2022.3.14f1 (eff2de9070d8)
[Subsystems] Discovering subsystems at path C:/Program Files/Unity/Hub/Editor/2022.3.14f1/Editor/Data/Resources/UnitySubsystems
[Subsystems] Discovering subsystems at path E:/Lenevo-Ideapad-Gaming/Techs/game-development/games-in-unity/game-2-sheep-climb/Assets
GfxDevice: creating device client; threaded=0; jobified=0
Direct3D:
    Version:  Direct3D 11.0 [level 11.1]
    Renderer: NVIDIA GeForce RTX 3050 Laptop GPU (ID=0x25a5)
    Vendor:   NVIDIA
    VRAM:     3979 MB
    Driver:   31.0.15.3197
Initialize mono
Mono path[0] = 'C:/Program Files/Unity/Hub/Editor/2022.3.14f1/Editor/Data/Managed'
Mono path[1] = 'C:/Program Files/Unity/Hub/Editor/2022.3.14f1/Editor/Data/MonoBleedingEdge/lib/mono/unityjit-win32'
Mono config path = 'C:/Program Files/Unity/Hub/Editor/2022.3.14f1/Editor/Data/MonoBleedingEdge/etc'
Using monoOptions --debugger-agent=transport=dt_socket,embedding=1,server=y,suspend=n,address=127.0.0.1:56460
Begin MonoManager ReloadAssembly
Registering precompiled unity dll's ...
Register platform support module: C:/Program Files/Unity/Hub/Editor/2022.3.14f1/Editor/Data/PlaybackEngines/WebGLSupport/UnityEditor.WebGL.Extensions.dll
Register platform support module: C:/Program Files/Unity/Hub/Editor/2022.3.14f1/Editor/Data/PlaybackEngines/WindowsStandaloneSupport/UnityEditor.WindowsStandalone.Extensions.dll
Registered in 0.010467 seconds.
- Loaded All Assemblies, in  0.342 seconds
Native extension for WindowsStandalone target not found
Native extension for WebGL target not found
Mono: successfully reloaded assembly
- Finished resetting the current domain, in  0.239 seconds
Domain Reload Profiling: 579ms
	BeginReloadAssembly (108ms)
		ExecutionOrderSort (0ms)
		DisableScriptedObjects (0ms)
		BackupInstance (0ms)
		ReleaseScriptingObjects (0ms)
		CreateAndSetChildDomain (1ms)
	RebuildCommonClasses (32ms)
	RebuildNativeTypeToScriptingClass (10ms)
	initialDomainReloadingComplete (64ms)
	LoadAllAssembliesAndSetupDomain (126ms)
		LoadAssemblies (107ms)
		RebuildTransferFunctionScriptingTraits (0ms)
		AnalyzeDomain (123ms)
			TypeCache.Refresh (122ms)
				TypeCache.ScanAssembly (109ms)
			ScanForSourceGeneratedMonoScriptInfo (0ms)
			ResolveRequiredComponents (0ms)
	FinalizeReload (240ms)
		ReleaseScriptCaches (0ms)
		RebuildScriptCaches (0ms)
		SetupLoadedEditorAssemblies (187ms)
			LogAssemblyErrors (0ms)
			InitializePlatformSupportModulesInManaged (10ms)
			SetLoadedEditorAssemblies (5ms)
			RefreshPlugins (0ms)
			BeforeProcessingInitializeOnLoad (2ms)
			ProcessInitializeOnLoadAttributes (118ms)
			ProcessInitializeOnLoadMethodAttributes (52ms)
			AfterProcessingInitializeOnLoad (0ms)
			EditorAssembliesLoaded (0ms)
		ExecutionOrderSort2 (0ms)
		AwakeInstancesAfterBackupRestoration (0ms)
========================================================================
Worker process is ready to serve import requests
Begin MonoManager ReloadAssembly
- Loaded All Assemblies, in  0.615 seconds
Refreshing native plugins compatible for Editor in 1.86 ms, found 3 plugins.
Native extension for WindowsStandalone target not found
Native extension for WebGL target not found
Package Manager log level set to [2]
[Package Manager] Server::EnsureServerProcessIsRunning -- launch failed, reason: Unity was launched with the -noUpm command-line argument
[Package Manager] UpmClient::Send -- Unable to send message (not connected to UPM process).
[Package Manager] Cannot connect to Unity Package Manager local server
Mono: successfully reloaded assembly
- Finished resetting the current domain, in  0.613 seconds
Domain Reload Profiling: 1226ms
	BeginReloadAssembly (147ms)
		ExecutionOrderSort (0ms)
		DisableScriptedObjects (6ms)
		BackupInstance (0ms)
		ReleaseScriptingObjects (0ms)
		CreateAndSetChildDomain (22ms)
	RebuildCommonClasses (28ms)
	RebuildNativeTypeToScriptingClass (10ms)
	initialDomainReloadingComplete (39ms)
	LoadAllAssembliesAndSetupDomain (389ms)
		LoadAssemblies (327ms)
		RebuildTransferFunctionScriptingTraits (0ms)
		AnalyzeDomain (147ms)
			TypeCache.Refresh (129ms)
				TypeCache.ScanAssembly (117ms)
			ScanForSourceGeneratedMonoScriptInfo (13ms)
			ResolveRequiredComponents (4ms)
	FinalizeReload (613ms)
		ReleaseScriptCaches (0ms)
		RebuildScriptCaches (0ms)
		SetupLoadedEditorAssemblies (490ms)
			LogAssemblyErrors (0ms)
			InitializePlatformSupportModulesInManaged (7ms)
			SetLoadedEditorAssemblies (2ms)
			RefreshPlugins (0ms)
			BeforeProcessingInitializeOnLoad (51ms)
			ProcessInitializeOnLoadAttributes (404ms)
			ProcessInitializeOnLoadMethodAttributes (19ms)
			AfterProcessingInitializeOnLoad (7ms)
			EditorAssembliesLoaded (0ms)
		ExecutionOrderSort2 (0ms)
		AwakeInstancesAfterBackupRestoration (5ms)
Launched and connected shader compiler UnityShaderCompiler.exe after 0.06 seconds
Refreshing native plugins compatible for Editor in 2.92 ms, found 3 plugins.
Preloading 0 native plugins for Editor in 0.00 ms.
Unloading 3095 Unused Serialized files (Serialized files now loaded: 0)
Unloading 34 unused Assets / (56.7 KB). Loaded Objects now: 3562.
Memory consumption went from 122.6 MB to 122.6 MB.
Total: 3.373700 ms (FindLiveObjects: 0.238600 ms CreateObjectMapping: 0.092000 ms MarkObjects: 2.937800 ms  DeleteObjects: 0.104500 ms)

AssetImportParameters requested are different than current active one (requested -> active):
  custom:container-demuxer-ogg: 62fdf1f143b41e24485cea50d1cbac27 -> 
  custom:video-codec-MediaFoundation-h265: 746d11721c4dcdbdad8f713fa42b33f4 -> 
  custom:video-decoder-ogg-theora: a1e56fd34408186e4bbccfd4996cb3dc -> 
  custom:framework-win-MediaFoundation: 216162199b28c13a410421893ffa2e32 -> 
  custom:CustomObjectIndexerAttribute: 756ad292c208cfabdd7b50bc23989ffe -> 
  custom:container-demuxer-webm: 4f35f7cbe854078d1ac9338744f61a02 -> 
  custom:container-muxer-webm: aa71ff27fc2769a1b78a27578f13a17b -> 
  custom:video-decoder-webm-vp8: 9c59270c3fd7afecdb556c50c9e8de78 -> 
  custom:SearchIndexIgnoredProperties: e643bd26f0fe6173181afceb89e7c659 -> 
  custom:AudioImporter_EditorPlatform: d09bf68614088b80899f8185d706f6e7 -> 
  custom:video-encoder-webm-vp8: eb34c28f22e8b96e1ab97ce403110664 -> 
  custom:audio-decoder-ogg-vorbis: bf7c407c2cedff20999df2af8eb42d56 -> 
  custom:audio-encoder-webm-vorbis: bf7c407c2cedff20999df2af8eb42d56 -> 
========================================================================
Received Import Request.
  Time since last request: 3728.530880 seconds.
  path: Assets/Textures/Platform Textures/Platform 1.psd
  artifactKey: Guid(9f8884efcc6b4f846999e6fccdf064cc) Importer(815301076,1909f56bfc062723c751e8b465ee728b)
Start importing Assets/Textures/Platform Textures/Platform 1.psd using Guid(9f8884efcc6b4f846999e6fccdf064cc) Importer(815301076,1909f56bfc062723c751e8b465ee728b)  -> (artifact id: '6cb6f329b48dae1e59b46cfc172f1061') in 0.134084 seconds
Number of updated asset objects reloaded before import = 0
Number of asset objects unloaded after import = 2
========================================================================
Received Import Request.
  Time since last request: 0.000042 seconds.
  path: Assets/Textures/Sheep Textures/Sheep.jpg
  artifactKey: Guid(41cb1e3d68955d448963a60e1a80c670) Importer(815301076,1909f56bfc062723c751e8b465ee728b)
Start importing Assets/Textures/Sheep Textures/Sheep.jpg using Guid(41cb1e3d68955d448963a60e1a80c670) Importer(815301076,1909f56bfc062723c751e8b465ee728b)  -> (artifact id: '87b461125511cb47bfd9970d294928ff') in 0.032670 seconds
Number of updated asset objects reloaded before import = 0
Number of asset objects unloaded after import = 2
========================================================================
Received Import Request.
  Time since last request: 342.780119 seconds.
  path: Assets/Prefabs
  artifactKey: Guid(7da0eaad252845749bec23f7aa538025) Importer(815301076,1909f56bfc062723c751e8b465ee728b)
Start importing Assets/Prefabs using Guid(7da0eaad252845749bec23f7aa538025) Importer(815301076,1909f56bfc062723c751e8b465ee728b)  -> (artifact id: '3922da83b5fd9c45c00c12e70a55cdc7') in 0.000633 seconds
Number of updated asset objects reloaded before import = 0
Number of asset objects unloaded after import = 0
========================================================================
Received Import Request.
  Time since last request: 9.401716 seconds.
  path: Assets/Prefabs/Platform-Prefabs
  artifactKey: Guid(700cc68fc0fe8da4591b7016d90c1a2c) Importer(815301076,1909f56bfc062723c751e8b465ee728b)
Start importing Assets/Prefabs/Platform-Prefabs using Guid(700cc68fc0fe8da4591b7016d90c1a2c) Importer(815301076,1909f56bfc062723c751e8b465ee728b)  -> (artifact id: 'df7d6ebd3999140d15a8534947dfe21b') in 0.000652 seconds
Number of updated asset objects reloaded before import = 0
Number of asset objects unloaded after import = 0
========================================================================
Received Import Request.
  Time since last request: 6.287031 seconds.
  path: Assets/Prefabs/Platform-Prefabs/Platform1.prefab
  artifactKey: Guid(59679ba6efa352b4a828ea93c6d4ce5d) Importer(815301076,1909f56bfc062723c751e8b465ee728b)
Start importing Assets/Prefabs/Platform-Prefabs/Platform1.prefab using Guid(59679ba6efa352b4a828ea93c6d4ce5d) Importer(815301076,1909f56bfc062723c751e8b465ee728b)  -> (artifact id: '96fa1aa3d7fbf63be51edb9871446765') in 0.058230 seconds
Number of updated asset objects reloaded before import = 0
Number of asset objects unloaded after import = 9
========================================================================
Received Import Request.
  Time since last request: 2.954085 seconds.
  path: Assets/Prefabs/Platform-Prefabs/Platform2.prefab
  artifactKey: Guid(b07b3fae26c65a042b239f8e21abd95f) Importer(815301076,1909f56bfc062723c751e8b465ee728b)
Start importing Assets/Prefabs/Platform-Prefabs/Platform2.prefab using Guid(b07b3fae26c65a042b239f8e21abd95f) Importer(815301076,1909f56bfc062723c751e8b465ee728b)  -> (artifact id: '070be6f32b50528725f1461370a0a920') in 0.013522 seconds
Number of updated asset objects reloaded before import = 0
Number of asset objects unloaded after import = 9
========================================================================
Received Import Request.
  Time since last request: 0.910984 seconds.
  path: Assets/Prefabs/Platform-Prefabs/Platform3.prefab
  artifactKey: Guid(d60744554066989429494d03c2df773d) Importer(815301076,1909f56bfc062723c751e8b465ee728b)
Start importing Assets/Prefabs/Platform-Prefabs/Platform3.prefab using Guid(d60744554066989429494d03c2df773d) Importer(815301076,1909f56bfc062723c751e8b465ee728b)  -> (artifact id: '51104b03afcd96b15ddc1a0265256486') in 0.013111 seconds
Number of updated asset objects reloaded before import = 0
Number of asset objects unloaded after import = 9
========================================================================
Received Import Request.
  Time since last request: 0.495225 seconds.
  path: Assets/Prefabs/Platform-Prefabs/Platform4.prefab
  artifactKey: Guid(c0c1532846abfb74f8925b2a5cc818d7) Importer(815301076,1909f56bfc062723c751e8b465ee728b)
Start importing Assets/Prefabs/Platform-Prefabs/Platform4.prefab using Guid(c0c1532846abfb74f8925b2a5cc818d7) Importer(815301076,1909f56bfc062723c751e8b465ee728b)  -> (artifact id: 'bd4b539ea9a4464e4b028b834bd48071') in 0.019007 seconds
Number of updated asset objects reloaded before import = 0
Number of asset objects unloaded after import = 9
========================================================================
Received Import Request.
  Time since last request: 130.446239 seconds.
  path: Assets/Prefabs/Platform-Prefabs/Platform1-Start.prefab
  artifactKey: Guid(59679ba6efa352b4a828ea93c6d4ce5d) Importer(815301076,1909f56bfc062723c751e8b465ee728b)
Start importing Assets/Prefabs/Platform-Prefabs/Platform1-Start.prefab using Guid(59679ba6efa352b4a828ea93c6d4ce5d) Importer(815301076,1909f56bfc062723c751e8b465ee728b)  -> (artifact id: '0bfb9cd0ce25a7d53a24e0bcd69b89ea') in 0.012533 seconds
Number of updated asset objects reloaded before import = 0
Number of asset objects unloaded after import = 9
========================================================================
Received Import Request.
  Time since last request: 6.025818 seconds.
  path: Assets/Prefabs/Platform-Prefabs/Platform2-Path.prefab
  artifactKey: Guid(b07b3fae26c65a042b239f8e21abd95f) Importer(815301076,1909f56bfc062723c751e8b465ee728b)
Start importing Assets/Prefabs/Platform-Prefabs/Platform2-Path.prefab using Guid(b07b3fae26c65a042b239f8e21abd95f) Importer(815301076,1909f56bfc062723c751e8b465ee728b)  -> (artifact id: '2d0697c2c0643d58f0ac5a78655d4abe') in 0.027205 seconds
Number of updated asset objects reloaded before import = 0
Number of asset objects unloaded after import = 9
========================================================================
Received Import Request.
  Time since last request: 5.272712 seconds.
  path: Assets/Prefabs/Platform-Prefabs/Platform4-End.prefab
  artifactKey: Guid(c0c1532846abfb74f8925b2a5cc818d7) Importer(815301076,1909f56bfc062723c751e8b465ee728b)
Start importing Assets/Prefabs/Platform-Prefabs/Platform4-End.prefab using Guid(c0c1532846abfb74f8925b2a5cc818d7) Importer(815301076,1909f56bfc062723c751e8b465ee728b)  -> (artifact id: '74f0e16d32899218bbe73e3158156ab2') in 0.029722 seconds
Number of updated asset objects reloaded before import = 0
Number of asset objects unloaded after import = 9
========================================================================
Received Import Request.
  Time since last request: 47.216546 seconds.
  path: Assets/Prefabs/Platform-Prefabs/Platform1 Start.prefab
  artifactKey: Guid(59679ba6efa352b4a828ea93c6d4ce5d) Importer(815301076,1909f56bfc062723c751e8b465ee728b)
Start importing Assets/Prefabs/Platform-Prefabs/Platform1 Start.prefab using Guid(59679ba6efa352b4a828ea93c6d4ce5d) Importer(815301076,1909f56bfc062723c751e8b465ee728b)  -> (artifact id: '161a57c8ed0648d6864fa2350afa7e12') in 0.013074 seconds
Number of updated asset objects reloaded before import = 0
Number of asset objects unloaded after import = 9
========================================================================
Received Import Request.
  Time since last request: 5.204378 seconds.
  path: Assets/Prefabs/Platform-Prefabs/Platform2 Path.prefab
  artifactKey: Guid(b07b3fae26c65a042b239f8e21abd95f) Importer(815301076,1909f56bfc062723c751e8b465ee728b)
Start importing Assets/Prefabs/Platform-Prefabs/Platform2 Path.prefab using Guid(b07b3fae26c65a042b239f8e21abd95f) Importer(815301076,1909f56bfc062723c751e8b465ee728b)  -> (artifact id: '856bdbf6614b51175c64daaf75c4b3d1') in 0.030846 seconds
Number of updated asset objects reloaded before import = 0
Number of asset objects unloaded after import = 9
========================================================================
Received Import Request.
  Time since last request: 8.715757 seconds.
  path: Assets/Prefabs/Platform-Prefabs/Platform4 End.prefab
  artifactKey: Guid(c0c1532846abfb74f8925b2a5cc818d7) Importer(815301076,1909f56bfc062723c751e8b465ee728b)
Start importing Assets/Prefabs/Platform-Prefabs/Platform4 End.prefab using Guid(c0c1532846abfb74f8925b2a5cc818d7) Importer(815301076,1909f56bfc062723c751e8b465ee728b)  -> (artifact id: '324ebc8693c494009f9a16d53cd88762') in 0.014049 seconds
Number of updated asset objects reloaded before import = 0
Number of asset objects unloaded after import = 9
========================================================================
Received Import Request.
  Time since last request: 13.493276 seconds.
  path: Assets/Prefabs/Platform-Prefabs/Platform Start.prefab
  artifactKey: Guid(59679ba6efa352b4a828ea93c6d4ce5d) Importer(815301076,1909f56bfc062723c751e8b465ee728b)
Start importing Assets/Prefabs/Platform-Prefabs/Platform Start.prefab using Guid(59679ba6efa352b4a828ea93c6d4ce5d) Importer(815301076,1909f56bfc062723c751e8b465ee728b)  -> (artifact id: '046c75640fe45c11da726f205202d92d') in 0.012497 seconds
Number of updated asset objects reloaded before import = 0
Number of asset objects unloaded after import = 9
========================================================================
Received Import Request.
  Time since last request: 4.162050 seconds.
  path: Assets/Prefabs/Platform-Prefabs/Platform Path.prefab
  artifactKey: Guid(b07b3fae26c65a042b239f8e21abd95f) Importer(815301076,1909f56bfc062723c751e8b465ee728b)
Start importing Assets/Prefabs/Platform-Prefabs/Platform Path.prefab using Guid(b07b3fae26c65a042b239f8e21abd95f) Importer(815301076,1909f56bfc062723c751e8b465ee728b)  -> (artifact id: '1f46705c8c5f330a3ae3aa5d2c078663') in 0.015921 seconds
Number of updated asset objects reloaded before import = 0
Number of asset objects unloaded after import = 9
========================================================================
Received Import Request.
  Time since last request: 3.854511 seconds.
  path: Assets/Prefabs/Platform-Prefabs/Platform.prefab
  artifactKey: Guid(d60744554066989429494d03c2df773d) Importer(815301076,1909f56bfc062723c751e8b465ee728b)
Start importing Assets/Prefabs/Platform-Prefabs/Platform.prefab using Guid(d60744554066989429494d03c2df773d) Importer(815301076,1909f56bfc062723c751e8b465ee728b)  -> (artifact id: '54e1c53ab5fe8663f6b2fa8a5ef678c1') in 0.013323 seconds
Number of updated asset objects reloaded before import = 0
Number of asset objects unloaded after import = 9
========================================================================
Received Import Request.
  Time since last request: 7.180680 seconds.
  path: Assets/Prefabs/Platform-Prefabs/Platform End.prefab
  artifactKey: Guid(c0c1532846abfb74f8925b2a5cc818d7) Importer(815301076,1909f56bfc062723c751e8b465ee728b)
Start importing Assets/Prefabs/Platform-Prefabs/Platform End.prefab using Guid(c0c1532846abfb74f8925b2a5cc818d7) Importer(815301076,1909f56bfc062723c751e8b465ee728b)  -> (artifact id: '56905b650576277a2effce97ce704a99') in 0.013130 seconds
Number of updated asset objects reloaded before import = 0
Number of asset objects unloaded after import = 9
========================================================================
Received Import Request.
  Time since last request: 13.278581 seconds.
  path: Assets/Prefabs/Platform Prefabs
  artifactKey: Guid(700cc68fc0fe8da4591b7016d90c1a2c) Importer(815301076,1909f56bfc062723c751e8b465ee728b)
Start importing Assets/Prefabs/Platform Prefabs using Guid(700cc68fc0fe8da4591b7016d90c1a2c) Importer(815301076,1909f56bfc062723c751e8b465ee728b)  -> (artifact id: 'b527abbda3f9d24db43c19aa9a1c6b43') in 0.000517 seconds
Number of updated asset objects reloaded before import = 0
Number of asset objects unloaded after import = 0
========================================================================
Received Import Request.
  Time since last request: 92.584108 seconds.
  path: Assets/Scripts
  artifactKey: Guid(85a0942ceb38b754bb3f9aa2aac4452f) Importer(815301076,1909f56bfc062723c751e8b465ee728b)
Start importing Assets/Scripts using Guid(85a0942ceb38b754bb3f9aa2aac4452f) Importer(815301076,1909f56bfc062723c751e8b465ee728b)  -> (artifact id: '762dfeb002efaf507462763bad4b7627') in 0.000583 seconds
Number of updated asset objects reloaded before import = 0
Number of asset objects unloaded after import = 0
========================================================================
Received Import Request.
  Time since last request: 10.302665 seconds.
  path: Assets/Scripts/Platforms
  artifactKey: Guid(9860fd6e2ad51b94fbffbc0291d31e2e) Importer(815301076,1909f56bfc062723c751e8b465ee728b)
Start importing Assets/Scripts/Platforms using Guid(9860fd6e2ad51b94fbffbc0291d31e2e) Importer(815301076,1909f56bfc062723c751e8b465ee728b)  -> (artifact id: 'ca189fdfff03282c92dabd38895d07f9') in 0.000627 seconds
Number of updated asset objects reloaded before import = 0
Number of asset objects unloaded after import = 0
========================================================================
Received Import Request.
  Time since last request: 11.861808 seconds.
  path: Assets/Scripts/Level Scripts
  artifactKey: Guid(9860fd6e2ad51b94fbffbc0291d31e2e) Importer(815301076,1909f56bfc062723c751e8b465ee728b)
Start importing Assets/Scripts/Level Scripts using Guid(9860fd6e2ad51b94fbffbc0291d31e2e) Importer(815301076,1909f56bfc062723c751e8b465ee728b)  -> (artifact id: '83f9efa89df037b1d66af95d8da59e38') in 0.000419 seconds
Number of updated asset objects reloaded before import = 0
Number of asset objects unloaded after import = 0
========================================================================
Received Import Request.
  Time since last request: 20.203807 seconds.
  path: Assets/Scripts/Level Scripts/LevelGenerator.cs
  artifactKey: Guid(533bfee6a5cd0084aa82b138f96cf0cf) Importer(815301076,1909f56bfc062723c751e8b465ee728b)
Start importing Assets/Scripts/Level Scripts/LevelGenerator.cs using Guid(533bfee6a5cd0084aa82b138f96cf0cf) Importer(815301076,1909f56bfc062723c751e8b465ee728b)  -> (artifact id: '71ab6f3baa10e30b10db8f730d3efabc') in 0.000571 seconds
Number of updated asset objects reloaded before import = 0
Number of asset objects unloaded after import = 0
========================================================================
Received Prepare
Begin MonoManager ReloadAssembly
- Loaded All Assemblies, in  0.750 seconds
Refreshing native plugins compatible for Editor in 3.38 ms, found 3 plugins.
Native extension for WindowsStandalone target not found
Native extension for WebGL target not found
[Package Manager] Server::EnsureServerProcessIsRunning -- launch failed, reason: Unity was launched with the -noUpm command-line argument
[Package Manager] UpmClient::Send -- Unable to send message (not connected to UPM process).
[Package Manager] Cannot connect to Unity Package Manager local server
Mono: successfully reloaded assembly
- Finished resetting the current domain, in  1.293 seconds
Domain Reload Profiling: 2040ms
	BeginReloadAssembly (250ms)
		ExecutionOrderSort (0ms)
		DisableScriptedObjects (10ms)
		BackupInstance (0ms)
		ReleaseScriptingObjects (0ms)
		CreateAndSetChildDomain (63ms)
	RebuildCommonClasses (47ms)
	RebuildNativeTypeToScriptingClass (16ms)
	initialDomainReloadingComplete (46ms)
	LoadAllAssembliesAndSetupDomain (388ms)
		LoadAssemblies (502ms)
		RebuildTransferFunctionScriptingTraits (0ms)
		AnalyzeDomain (26ms)
			TypeCache.Refresh (9ms)
				TypeCache.ScanAssembly (0ms)
			ScanForSourceGeneratedMonoScriptInfo (10ms)
			ResolveRequiredComponents (5ms)
	FinalizeReload (1293ms)
		ReleaseScriptCaches (0ms)
		RebuildScriptCaches (0ms)
		SetupLoadedEditorAssemblies (533ms)
			LogAssemblyErrors (0ms)
			InitializePlatformSupportModulesInManaged (9ms)
			SetLoadedEditorAssemblies (6ms)
			RefreshPlugins (0ms)
			BeforeProcessingInitializeOnLoad (63ms)
			ProcessInitializeOnLoadAttributes (426ms)
			ProcessInitializeOnLoadMethodAttributes (19ms)
			AfterProcessingInitializeOnLoad (10ms)
			EditorAssembliesLoaded (0ms)
		ExecutionOrderSort2 (0ms)
		AwakeInstancesAfterBackupRestoration (7ms)
Refreshing native plugins compatible for Editor in 2.20 ms, found 3 plugins.
Preloading 0 native plugins for Editor in 0.00 ms.
Unloading 3088 Unused Serialized files (Serialized files now loaded: 0)
Unloading 25 unused Assets / (31.0 KB). Loaded Objects now: 3576.
Memory consumption went from 127.9 MB to 127.8 MB.
Total: 5.068200 ms (FindLiveObjects: 0.475600 ms CreateObjectMapping: 0.299800 ms MarkObjects: 4.188100 ms  DeleteObjects: 0.103200 ms)

Prepare: number of updated asset objects reloaded= 0
AssetImportParameters requested are different than current active one (requested -> active):
  custom:container-demuxer-ogg: 62fdf1f143b41e24485cea50d1cbac27 -> 
  custom:video-codec-MediaFoundation-h265: 746d11721c4dcdbdad8f713fa42b33f4 -> 
  custom:video-decoder-ogg-theora: a1e56fd34408186e4bbccfd4996cb3dc -> 
  custom:framework-win-MediaFoundation: 216162199b28c13a410421893ffa2e32 -> 
  custom:CustomObjectIndexerAttribute: 756ad292c208cfabdd7b50bc23989ffe -> 
  custom:container-demuxer-webm: 4f35f7cbe854078d1ac9338744f61a02 -> 
  custom:container-muxer-webm: aa71ff27fc2769a1b78a27578f13a17b -> 
  custom:video-decoder-webm-vp8: 9c59270c3fd7afecdb556c50c9e8de78 -> 
  custom:SearchIndexIgnoredProperties: e643bd26f0fe6173181afceb89e7c659 -> 
  custom:AudioImporter_EditorPlatform: d09bf68614088b80899f8185d706f6e7 -> 
  custom:video-encoder-webm-vp8: eb34c28f22e8b96e1ab97ce403110664 -> 
  custom:audio-decoder-ogg-vorbis: bf7c407c2cedff20999df2af8eb42d56 -> 
  custom:audio-encoder-webm-vorbis: bf7c407c2cedff20999df2af8eb42d56 -> 
========================================================================
Received Import Request.
  Time since last request: 67.422958 seconds.
  path: Assets/Plugins
  artifactKey: Guid(46ae9295813184a42937461fe9093e20) Importer(815301076,1909f56bfc062723c751e8b465ee728b)
Start importing Assets/Plugins using Guid(46ae9295813184a42937461fe9093e20) Importer(815301076,1909f56bfc062723c751e8b465ee728b)  -> (artifact id: '3f1774280f91bb47f1bd9bef97f2e2a2') in 0.002758 seconds
Number of updated asset objects reloaded before import = 0
Number of asset objects unloaded after import = 0
========================================================================
Received Import Request.
  Time since last request: 48.243026 seconds.
  path: Assets/Prefabs/Platform Prefabs/Platform.prefab
  artifactKey: Guid(d60744554066989429494d03c2df773d) Importer(815301076,1909f56bfc062723c751e8b465ee728b)
Start importing Assets/Prefabs/Platform Prefabs/Platform.prefab using Guid(d60744554066989429494d03c2df773d) Importer(815301076,1909f56bfc062723c751e8b465ee728b)  -> (artifact id: '0b17b9f392c4db204c8d67ceaccd5af8') in 0.055320 seconds
Number of updated asset objects reloaded before import = 0
Number of asset objects unloaded after import = 9
========================================================================
Received Import Request.
  Time since last request: 1.849082 seconds.
  path: Assets/Prefabs/Platform Prefabs/Platform Path.prefab
  artifactKey: Guid(b07b3fae26c65a042b239f8e21abd95f) Importer(815301076,1909f56bfc062723c751e8b465ee728b)
Start importing Assets/Prefabs/Platform Prefabs/Platform Path.prefab using Guid(b07b3fae26c65a042b239f8e21abd95f) Importer(815301076,1909f56bfc062723c751e8b465ee728b)  -> (artifact id: 'caf86d93d8f3a6b26892d26797d1349c') in 0.018257 seconds
Number of updated asset objects reloaded before import = 0
Number of asset objects unloaded after import = 9
========================================================================
Received Import Request.
  Time since last request: 36.460256 seconds.
  path: Assets/Prefabs/Platform Prefabs/Platform 2.prefab
  artifactKey: Guid(b07b3fae26c65a042b239f8e21abd95f) Importer(815301076,1909f56bfc062723c751e8b465ee728b)
Start importing Assets/Prefabs/Platform Prefabs/Platform 2.prefab using Guid(b07b3fae26c65a042b239f8e21abd95f) Importer(815301076,1909f56bfc062723c751e8b465ee728b)  -> (artifact id: '62b3c96231909e9f9449a62893220752') in 0.012294 seconds
Number of updated asset objects reloaded before import = 0
Number of asset objects unloaded after import = 9
========================================================================
Received Import Request.
  Time since last request: 6.755626 seconds.
  path: Assets/Prefabs/Platform Prefabs/Platform 3.prefab
  artifactKey: Guid(d60744554066989429494d03c2df773d) Importer(815301076,1909f56bfc062723c751e8b465ee728b)
Start importing Assets/Prefabs/Platform Prefabs/Platform 3.prefab using Guid(d60744554066989429494d03c2df773d) Importer(815301076,1909f56bfc062723c751e8b465ee728b)  -> (artifact id: 'fc95462e09ee8491a7c44f74c7c5ef8d') in 0.023339 seconds
Number of updated asset objects reloaded before import = 0
Number of asset objects unloaded after import = 9
========================================================================
Received Prepare
Begin MonoManager ReloadAssembly
- Loaded All Assemblies, in  0.609 seconds
Refreshing native plugins compatible for Editor in 2.07 ms, found 3 plugins.
Native extension for WindowsStandalone target not found
Native extension for WebGL target not found
[Package Manager] Server::EnsureServerProcessIsRunning -- launch failed, reason: Unity was launched with the -noUpm command-line argument
[Package Manager] UpmClient::Send -- Unable to send message (not connected to UPM process).
[Package Manager] Cannot connect to Unity Package Manager local server
Mono: successfully reloaded assembly
- Finished resetting the current domain, in  0.987 seconds
Domain Reload Profiling: 1593ms
	BeginReloadAssembly (179ms)
		ExecutionOrderSort (0ms)
		DisableScriptedObjects (7ms)
		BackupInstance (0ms)
		ReleaseScriptingObjects (0ms)
		CreateAndSetChildDomain (40ms)
	RebuildCommonClasses (29ms)
	RebuildNativeTypeToScriptingClass (11ms)
	initialDomainReloadingComplete (36ms)
	LoadAllAssembliesAndSetupDomain (350ms)
		LoadAssemblies (434ms)
		RebuildTransferFunctionScriptingTraits (0ms)
		AnalyzeDomain (19ms)
			TypeCache.Refresh (7ms)
				TypeCache.ScanAssembly (0ms)
			ScanForSourceGeneratedMonoScriptInfo (6ms)
			ResolveRequiredComponents (4ms)
	FinalizeReload (988ms)
		ReleaseScriptCaches (0ms)
		RebuildScriptCaches (0ms)
		SetupLoadedEditorAssemblies (542ms)
			LogAssemblyErrors (0ms)
			InitializePlatformSupportModulesInManaged (9ms)
			SetLoadedEditorAssemblies (5ms)
			RefreshPlugins (0ms)
			BeforeProcessingInitializeOnLoad (61ms)
			ProcessInitializeOnLoadAttributes (430ms)
			ProcessInitializeOnLoadMethodAttributes (27ms)
			AfterProcessingInitializeOnLoad (11ms)
			EditorAssembliesLoaded (0ms)
		ExecutionOrderSort2 (0ms)
		AwakeInstancesAfterBackupRestoration (9ms)
Refreshing native plugins compatible for Editor in 3.36 ms, found 3 plugins.
Preloading 0 native plugins for Editor in 0.00 ms.
Unloading 3088 Unused Serialized files (Serialized files now loaded: 0)
Unloading 25 unused Assets / (31.0 KB). Loaded Objects now: 3579.
Memory consumption went from 129.8 MB to 129.8 MB.
Total: 5.405300 ms (FindLiveObjects: 0.285100 ms CreateObjectMapping: 0.194300 ms MarkObjects: 4.808700 ms  DeleteObjects: 0.115600 ms)

Prepare: number of updated asset objects reloaded= 0
AssetImportParameters requested are different than current active one (requested -> active):
  custom:container-demuxer-ogg: 62fdf1f143b41e24485cea50d1cbac27 -> 
  custom:video-codec-MediaFoundation-h265: 746d11721c4dcdbdad8f713fa42b33f4 -> 
  custom:video-decoder-ogg-theora: a1e56fd34408186e4bbccfd4996cb3dc -> 
  custom:framework-win-MediaFoundation: 216162199b28c13a410421893ffa2e32 -> 
  custom:CustomObjectIndexerAttribute: 756ad292c208cfabdd7b50bc23989ffe -> 
  custom:container-demuxer-webm: 4f35f7cbe854078d1ac9338744f61a02 -> 
  custom:container-muxer-webm: aa71ff27fc2769a1b78a27578f13a17b -> 
  custom:video-decoder-webm-vp8: 9c59270c3fd7afecdb556c50c9e8de78 -> 
  custom:SearchIndexIgnoredProperties: e643bd26f0fe6173181afceb89e7c659 -> 
  custom:AudioImporter_EditorPlatform: d09bf68614088b80899f8185d706f6e7 -> 
  custom:video-encoder-webm-vp8: eb34c28f22e8b96e1ab97ce403110664 -> 
  custom:audio-decoder-ogg-vorbis: bf7c407c2cedff20999df2af8eb42d56 -> 
  custom:audio-encoder-webm-vorbis: bf7c407c2cedff20999df2af8eb42d56 -> 
========================================================================
Received Import Request.
  Time since last request: 654.682595 seconds.
  path: Assets/Scripts/Level Scripts/LevelGenerator.cs
  artifactKey: Guid(533bfee6a5cd0084aa82b138f96cf0cf) Importer(815301076,1909f56bfc062723c751e8b465ee728b)
Start importing Assets/Scripts/Level Scripts/LevelGenerator.cs using Guid(533bfee6a5cd0084aa82b138f96cf0cf) Importer(815301076,1909f56bfc062723c751e8b465ee728b)  -> (artifact id: 'b2095a642536d9932ef24340049b0b07') in 0.002544 seconds
Number of updated asset objects reloaded before import = 0
Number of asset objects unloaded after import = 0
========================================================================
Received Import Request.
  Time since last request: 25.518729 seconds.
  path: Assets/Models/Obstacles/4.fbx
  artifactKey: Guid(ecadc33add9a74a4fa3dff1616c11c6a) Importer(815301076,1909f56bfc062723c751e8b465ee728b)
Start importing Assets/Models/Obstacles/4.fbx using Guid(ecadc33add9a74a4fa3dff1616c11c6a) Importer(815301076,1909f56bfc062723c751e8b465ee728b)  -> (artifact id: 'fef9f4635dcbc47ace5787a1caaa8ab6') in 0.152557 seconds
Number of updated asset objects reloaded before import = 0
Number of asset objects unloaded after import = 8
========================================================================
Received Import Request.
  Time since last request: 0.000035 seconds.
  path: Assets/Models/Sheep/sheep_women.fbx
  artifactKey: Guid(c484a511670dfd94ebe4b8a75c0749dc) Importer(815301076,1909f56bfc062723c751e8b465ee728b)
Start importing Assets/Models/Sheep/sheep_women.fbx using Guid(c484a511670dfd94ebe4b8a75c0749dc) Importer(815301076,1909f56bfc062723c751e8b465ee728b)  -> (artifact id: '2f53cb22d001ef018d9bd58cd38648e3') in 0.048877 seconds
Number of updated asset objects reloaded before import = 0
Number of asset objects unloaded after import = 9
========================================================================
Received Import Request.
  Time since last request: 0.000024 seconds.
  path: Assets/Prefabs/Platform Prefabs/Platform Start.prefab
  artifactKey: Guid(59679ba6efa352b4a828ea93c6d4ce5d) Importer(815301076,1909f56bfc062723c751e8b465ee728b)
Start importing Assets/Prefabs/Platform Prefabs/Platform Start.prefab using Guid(59679ba6efa352b4a828ea93c6d4ce5d) Importer(815301076,1909f56bfc062723c751e8b465ee728b)  -> (artifact id: '59a9903d8fda68b0780757228f84f16e') in 0.017089 seconds
Number of updated asset objects reloaded before import = 0
Number of asset objects unloaded after import = 9
========================================================================
Received Import Request.
  Time since last request: 0.000023 seconds.
  path: Assets/Prefabs/Platform Prefabs/Platform End.prefab
  artifactKey: Guid(c0c1532846abfb74f8925b2a5cc818d7) Importer(815301076,1909f56bfc062723c751e8b465ee728b)
Start importing Assets/Prefabs/Platform Prefabs/Platform End.prefab using Guid(c0c1532846abfb74f8925b2a5cc818d7) Importer(815301076,1909f56bfc062723c751e8b465ee728b)  -> (artifact id: '35d3fa1e1ce4710c0e5abea54f432caf') in 0.016237 seconds
Number of updated asset objects reloaded before import = 0
Number of asset objects unloaded after import = 9
========================================================================
Received Import Request.
  Time since last request: 0.000021 seconds.
  path: Assets/Models/Obstacles/Spikes.prefab
  artifactKey: Guid(6bdfd7fa2109a2b4dac7014785cab65f) Importer(815301076,1909f56bfc062723c751e8b465ee728b)
Start importing Assets/Models/Obstacles/Spikes.prefab using Guid(6bdfd7fa2109a2b4dac7014785cab65f) Importer(815301076,1909f56bfc062723c751e8b465ee728b)  -> (artifact id: '0cc7ed70d69c45c0dd902d44dfce2c97') in 0.018414 seconds
Number of updated asset objects reloaded before import = 0
Number of asset objects unloaded after import = 30
Editor requested this worker to shutdown with reason: Scaling down because of idle timeout
TcpMessagingSession - receive error: operation aborted. errorcode: 995, details: The I/O operation has been aborted because of either a thread exit or an application request.
AssetImportWorker is now disconnected from the server
Process exiting
Exiting without the bug reporter. Application will terminate with return code 0